mode: set
crd.piccolo.org/piccolo/api/v1alpha1/devres_types.go:65.13,67.2 1 0
crd.piccolo.org/piccolo/api/v1alpha1/vehcontainerconfig_types.go:66.13,68.2 1 0
crd.piccolo.org/piccolo/api/v1alpha1/vehpod_types.go:86.13,88.2 1 0
crd.piccolo.org/piccolo/api/v1alpha1/zz_generated.deepcopy.go:29.45,35.2 5 0
crd.piccolo.org/piccolo/api/v1alpha1/zz_generated.deepcopy.go:38.38,39.15 1 0
crd.piccolo.org/piccolo/api/v1alpha1/zz_generated.deepcopy.go:39.15,41.3 1 0
crd.piccolo.org/piccolo/api/v1alpha1/zz_generated.deepcopy.go:42.2,44.12 3 0
crd.piccolo.org/piccolo/api/v1alpha1/zz_generated.deepcopy.go:48.51,49.34 1 0
crd.piccolo.org/piccolo/api/v1alpha1/zz_generated.deepcopy.go:49.34,51.3 1 0
crd.piccolo.org/piccolo/api/v1alpha1/zz_generated.deepcopy.go:52.2,52.12 1 0
crd.piccolo.org/piccolo/api/v1alpha1/zz_generated.deepcopy.go:56.53,58.2 1 0
crd.piccolo.org/piccolo/api/v1alpha1/zz_generated.deepcopy.go:61.46,62.15 1 0
crd.piccolo.org/piccolo/api/v1alpha1/zz_generated.deepcopy.go:62.15,64.3 1 0
crd.piccolo.org/piccolo/api/v1alpha1/zz_generated.deepcopy.go:65.2,67.12 3 0
crd.piccolo.org/piccolo/api/v1alpha1/zz_generated.deepcopy.go:71.53,75.21 4 0
crd.piccolo.org/piccolo/api/v1alpha1/zz_generated.deepcopy.go:75.21,78.22 3 0
crd.piccolo.org/piccolo/api/v1alpha1/zz_generated.deepcopy.go:78.22,80.4 1 0
crd.piccolo.org/piccolo/api/v1alpha1/zz_generated.deepcopy.go:85.46,86.15 1 0
crd.piccolo.org/piccolo/api/v1alpha1/zz_generated.deepcopy.go:86.15,88.3 1 0
crd.piccolo.org/piccolo/api/v1alpha1/zz_generated.deepcopy.go:89.2,91.12 3 0
crd.piccolo.org/piccolo/api/v1alpha1/zz_generated.deepcopy.go:95.55,96.34 1 0
crd.piccolo.org/piccolo/api/v1alpha1/zz_generated.deepcopy.go:96.34,98.3 1 0
crd.piccolo.org/piccolo/api/v1alpha1/zz_generated.deepcopy.go:99.2,99.12 1 0
crd.piccolo.org/piccolo/api/v1alpha1/zz_generated.deepcopy.go:103.53,105.2 1 0
crd.piccolo.org/piccolo/api/v1alpha1/zz_generated.deepcopy.go:108.46,109.15 1 0
crd.piccolo.org/piccolo/api/v1alpha1/zz_generated.deepcopy.go:109.15,111.3 1 0
crd.piccolo.org/piccolo/api/v1alpha1/zz_generated.deepcopy.go:112.2,114.12 3 0
crd.piccolo.org/piccolo/api/v1alpha1/zz_generated.deepcopy.go:118.57,120.2 1 0
crd.piccolo.org/piccolo/api/v1alpha1/zz_generated.deepcopy.go:123.50,124.15 1 0
crd.piccolo.org/piccolo/api/v1alpha1/zz_generated.deepcopy.go:124.15,126.3 1 0
crd.piccolo.org/piccolo/api/v1alpha1/zz_generated.deepcopy.go:127.2,129.12 3 0
crd.piccolo.org/piccolo/api/v1alpha1/zz_generated.deepcopy.go:133.59,137.2 3 0
crd.piccolo.org/piccolo/api/v1alpha1/zz_generated.deepcopy.go:140.52,141.15 1 0
crd.piccolo.org/piccolo/api/v1alpha1/zz_generated.deepcopy.go:141.15,143.3 1 0
crd.piccolo.org/piccolo/api/v1alpha1/zz_generated.deepcopy.go:144.2,146.12 3 0
crd.piccolo.org/piccolo/api/v1alpha1/zz_generated.deepcopy.go:150.69,156.2 5 0
crd.piccolo.org/piccolo/api/v1alpha1/zz_generated.deepcopy.go:159.62,160.15 1 0
crd.piccolo.org/piccolo/api/v1alpha1/zz_generated.deepcopy.go:160.15,162.3 1 0
crd.piccolo.org/piccolo/api/v1alpha1/zz_generated.deepcopy.go:163.2,165.12 3 0
crd.piccolo.org/piccolo/api/v1alpha1/zz_generated.deepcopy.go:169.63,170.34 1 0
crd.piccolo.org/piccolo/api/v1alpha1/zz_generated.deepcopy.go:170.34,172.3 1 0
crd.piccolo.org/piccolo/api/v1alpha1/zz_generated.deepcopy.go:173.2,173.12 1 0
crd.piccolo.org/piccolo/api/v1alpha1/zz_generated.deepcopy.go:177.77,181.21 4 0
crd.piccolo.org/piccolo/api/v1alpha1/zz_generated.deepcopy.go:181.21,184.22 3 0
crd.piccolo.org/piccolo/api/v1alpha1/zz_generated.deepcopy.go:184.22,186.4 1 0
crd.piccolo.org/piccolo/api/v1alpha1/zz_generated.deepcopy.go:191.70,192.15 1 0
crd.piccolo.org/piccolo/api/v1alpha1/zz_generated.deepcopy.go:192.15,194.3 1 0
crd.piccolo.org/piccolo/api/v1alpha1/zz_generated.deepcopy.go:195.2,197.12 3 0
crd.piccolo.org/piccolo/api/v1alpha1/zz_generated.deepcopy.go:201.67,202.34 1 0
crd.piccolo.org/piccolo/api/v1alpha1/zz_generated.deepcopy.go:202.34,204.3 1 0
crd.piccolo.org/piccolo/api/v1alpha1/zz_generated.deepcopy.go:205.2,205.12 1 0
crd.piccolo.org/piccolo/api/v1alpha1/zz_generated.deepcopy.go:209.77,211.30 2 0
crd.piccolo.org/piccolo/api/v1alpha1/zz_generated.deepcopy.go:211.30,214.22 3 0
crd.piccolo.org/piccolo/api/v1alpha1/zz_generated.deepcopy.go:214.22,216.4 1 0
crd.piccolo.org/piccolo/api/v1alpha1/zz_generated.deepcopy.go:218.2,218.26 1 0
crd.piccolo.org/piccolo/api/v1alpha1/zz_generated.deepcopy.go:218.26,221.22 3 0
crd.piccolo.org/piccolo/api/v1alpha1/zz_generated.deepcopy.go:221.22,223.4 1 0
crd.piccolo.org/piccolo/api/v1alpha1/zz_generated.deepcopy.go:228.70,229.15 1 0
crd.piccolo.org/piccolo/api/v1alpha1/zz_generated.deepcopy.go:229.15,231.3 1 0
crd.piccolo.org/piccolo/api/v1alpha1/zz_generated.deepcopy.go:232.2,234.12 3 0
crd.piccolo.org/piccolo/api/v1alpha1/zz_generated.deepcopy.go:238.81,240.2 1 0
crd.piccolo.org/piccolo/api/v1alpha1/zz_generated.deepcopy.go:243.74,244.15 1 0
crd.piccolo.org/piccolo/api/v1alpha1/zz_generated.deepcopy.go:244.15,246.3 1 0
crd.piccolo.org/piccolo/api/v1alpha1/zz_generated.deepcopy.go:247.2,249.12 3 0
crd.piccolo.org/piccolo/api/v1alpha1/zz_generated.deepcopy.go:253.45,259.2 5 0
crd.piccolo.org/piccolo/api/v1alpha1/zz_generated.deepcopy.go:262.38,263.15 1 0
crd.piccolo.org/piccolo/api/v1alpha1/zz_generated.deepcopy.go:263.15,265.3 1 0
crd.piccolo.org/piccolo/api/v1alpha1/zz_generated.deepcopy.go:266.2,268.12 3 0
crd.piccolo.org/piccolo/api/v1alpha1/zz_generated.deepcopy.go:272.51,273.34 1 0
crd.piccolo.org/piccolo/api/v1alpha1/zz_generated.deepcopy.go:273.34,275.3 1 0
crd.piccolo.org/piccolo/api/v1alpha1/zz_generated.deepcopy.go:276.2,276.12 1 0
crd.piccolo.org/piccolo/api/v1alpha1/zz_generated.deepcopy.go:280.53,284.21 4 0
crd.piccolo.org/piccolo/api/v1alpha1/zz_generated.deepcopy.go:284.21,287.22 3 0
crd.piccolo.org/piccolo/api/v1alpha1/zz_generated.deepcopy.go:287.22,289.4 1 0
crd.piccolo.org/piccolo/api/v1alpha1/zz_generated.deepcopy.go:294.46,295.15 1 0
crd.piccolo.org/piccolo/api/v1alpha1/zz_generated.deepcopy.go:295.15,297.3 1 0
crd.piccolo.org/piccolo/api/v1alpha1/zz_generated.deepcopy.go:298.2,300.12 3 0
crd.piccolo.org/piccolo/api/v1alpha1/zz_generated.deepcopy.go:304.55,305.34 1 0
crd.piccolo.org/piccolo/api/v1alpha1/zz_generated.deepcopy.go:305.34,307.3 1 0
crd.piccolo.org/piccolo/api/v1alpha1/zz_generated.deepcopy.go:308.2,308.12 1 0
crd.piccolo.org/piccolo/api/v1alpha1/zz_generated.deepcopy.go:312.53,314.26 2 0
crd.piccolo.org/piccolo/api/v1alpha1/zz_generated.deepcopy.go:314.26,318.3 3 0
crd.piccolo.org/piccolo/api/v1alpha1/zz_generated.deepcopy.go:319.2,319.38 1 0
crd.piccolo.org/piccolo/api/v1alpha1/zz_generated.deepcopy.go:319.38,323.3 3 0
crd.piccolo.org/piccolo/api/v1alpha1/zz_generated.deepcopy.go:324.2,324.39 1 0
crd.piccolo.org/piccolo/api/v1alpha1/zz_generated.deepcopy.go:328.46,329.15 1 0
crd.piccolo.org/piccolo/api/v1alpha1/zz_generated.deepcopy.go:329.15,331.3 1 0
crd.piccolo.org/piccolo/api/v1alpha1/zz_generated.deepcopy.go:332.2,334.12 3 0
crd.piccolo.org/piccolo/api/v1alpha1/zz_generated.deepcopy.go:338.57,340.2 1 0
crd.piccolo.org/piccolo/api/v1alpha1/zz_generated.deepcopy.go:343.50,344.15 1 0
crd.piccolo.org/piccolo/api/v1alpha1/zz_generated.deepcopy.go:344.15,346.3 1 0
crd.piccolo.org/piccolo/api/v1alpha1/zz_generated.deepcopy.go:347.2,349.12 3 0
crd.piccolo.org/piccolo/cmd/main.go:44.13,49.2 2 0
crd.piccolo.org/piccolo/cmd/main.go:51.13,87.16 12 0
crd.piccolo.org/piccolo/cmd/main.go:87.16,90.3 2 0
crd.piccolo.org/piccolo/cmd/main.go:92.2,95.39 1 0
crd.piccolo.org/piccolo/cmd/main.go:95.39,98.3 2 0
crd.piccolo.org/piccolo/cmd/main.go:101.2,101.69 1 0
crd.piccolo.org/piccolo/cmd/main.go:101.69,104.3 2 0
crd.piccolo.org/piccolo/cmd/main.go:105.2,105.67 1 0
crd.piccolo.org/piccolo/cmd/main.go:105.67,108.3 2 0
crd.piccolo.org/piccolo/cmd/main.go:110.2,111.61 2 0
crd.piccolo.org/piccolo/cmd/main.go:111.61,114.3 2 0
crd.piccolo.org/piccolo/api/v1alpha1/devres_types.go:65.13,67.2 1 1
crd.piccolo.org/piccolo/api/v1alpha1/vehcontainerconfig_types.go:66.13,68.2 1 1
crd.piccolo.org/piccolo/api/v1alpha1/vehpod_types.go:86.13,88.2 1 1
crd.piccolo.org/piccolo/api/v1alpha1/zz_generated.deepcopy.go:29.45,35.2 5 0
crd.piccolo.org/piccolo/api/v1alpha1/zz_generated.deepcopy.go:38.38,39.15 1 0
crd.piccolo.org/piccolo/api/v1alpha1/zz_generated.deepcopy.go:39.15,41.3 1 0
crd.piccolo.org/piccolo/api/v1alpha1/zz_generated.deepcopy.go:42.2,44.12 3 0
crd.piccolo.org/piccolo/api/v1alpha1/zz_generated.deepcopy.go:48.51,49.34 1 0
crd.piccolo.org/piccolo/api/v1alpha1/zz_generated.deepcopy.go:49.34,51.3 1 0
crd.piccolo.org/piccolo/api/v1alpha1/zz_generated.deepcopy.go:52.2,52.12 1 0
crd.piccolo.org/piccolo/api/v1alpha1/zz_generated.deepcopy.go:56.53,58.2 1 0
crd.piccolo.org/piccolo/api/v1alpha1/zz_generated.deepcopy.go:61.46,62.15 1 0
crd.piccolo.org/piccolo/api/v1alpha1/zz_generated.deepcopy.go:62.15,64.3 1 0
crd.piccolo.org/piccolo/api/v1alpha1/zz_generated.deepcopy.go:65.2,67.12 3 0
crd.piccolo.org/piccolo/api/v1alpha1/zz_generated.deepcopy.go:71.53,75.21 4 0
crd.piccolo.org/piccolo/api/v1alpha1/zz_generated.deepcopy.go:75.21,78.22 3 0
crd.piccolo.org/piccolo/api/v1alpha1/zz_generated.deepcopy.go:78.22,80.4 1 0
crd.piccolo.org/piccolo/api/v1alpha1/zz_generated.deepcopy.go:85.46,86.15 1 0
crd.piccolo.org/piccolo/api/v1alpha1/zz_generated.deepcopy.go:86.15,88.3 1 0
crd.piccolo.org/piccolo/api/v1alpha1/zz_generated.deepcopy.go:89.2,91.12 3 0
crd.piccolo.org/piccolo/api/v1alpha1/zz_generated.deepcopy.go:95.55,96.34 1 0
crd.piccolo.org/piccolo/api/v1alpha1/zz_generated.deepcopy.go:96.34,98.3 1 0
crd.piccolo.org/piccolo/api/v1alpha1/zz_generated.deepcopy.go:99.2,99.12 1 0
crd.piccolo.org/piccolo/api/v1alpha1/zz_generated.deepcopy.go:103.53,105.2 1 0
crd.piccolo.org/piccolo/api/v1alpha1/zz_generated.deepcopy.go:108.46,109.15 1 0
crd.piccolo.org/piccolo/api/v1alpha1/zz_generated.deepcopy.go:109.15,111.3 1 0
crd.piccolo.org/piccolo/api/v1alpha1/zz_generated.deepcopy.go:112.2,114.12 3 0
crd.piccolo.org/piccolo/api/v1alpha1/zz_generated.deepcopy.go:118.57,120.2 1 0
crd.piccolo.org/piccolo/api/v1alpha1/zz_generated.deepcopy.go:123.50,124.15 1 0
crd.piccolo.org/piccolo/api/v1alpha1/zz_generated.deepcopy.go:124.15,126.3 1 0
crd.piccolo.org/piccolo/api/v1alpha1/zz_generated.deepcopy.go:127.2,129.12 3 0
crd.piccolo.org/piccolo/api/v1alpha1/zz_generated.deepcopy.go:133.59,137.2 3 0
crd.piccolo.org/piccolo/api/v1alpha1/zz_generated.deepcopy.go:140.52,141.15 1 0
crd.piccolo.org/piccolo/api/v1alpha1/zz_generated.deepcopy.go:141.15,143.3 1 0
crd.piccolo.org/piccolo/api/v1alpha1/zz_generated.deepcopy.go:144.2,146.12 3 0
crd.piccolo.org/piccolo/api/v1alpha1/zz_generated.deepcopy.go:150.69,156.2 5 0
crd.piccolo.org/piccolo/api/v1alpha1/zz_generated.deepcopy.go:159.62,160.15 1 0
crd.piccolo.org/piccolo/api/v1alpha1/zz_generated.deepcopy.go:160.15,162.3 1 0
crd.piccolo.org/piccolo/api/v1alpha1/zz_generated.deepcopy.go:163.2,165.12 3 0
crd.piccolo.org/piccolo/api/v1alpha1/zz_generated.deepcopy.go:169.63,170.34 1 0
crd.piccolo.org/piccolo/api/v1alpha1/zz_generated.deepcopy.go:170.34,172.3 1 0
crd.piccolo.org/piccolo/api/v1alpha1/zz_generated.deepcopy.go:173.2,173.12 1 0
crd.piccolo.org/piccolo/api/v1alpha1/zz_generated.deepcopy.go:177.77,181.21 4 0
crd.piccolo.org/piccolo/api/v1alpha1/zz_generated.deepcopy.go:181.21,184.22 3 0
crd.piccolo.org/piccolo/api/v1alpha1/zz_generated.deepcopy.go:184.22,186.4 1 0
crd.piccolo.org/piccolo/api/v1alpha1/zz_generated.deepcopy.go:191.70,192.15 1 0
crd.piccolo.org/piccolo/api/v1alpha1/zz_generated.deepcopy.go:192.15,194.3 1 0
crd.piccolo.org/piccolo/api/v1alpha1/zz_generated.deepcopy.go:195.2,197.12 3 0
crd.piccolo.org/piccolo/api/v1alpha1/zz_generated.deepcopy.go:201.67,202.34 1 0
crd.piccolo.org/piccolo/api/v1alpha1/zz_generated.deepcopy.go:202.34,204.3 1 0
crd.piccolo.org/piccolo/api/v1alpha1/zz_generated.deepcopy.go:205.2,205.12 1 0
crd.piccolo.org/piccolo/api/v1alpha1/zz_generated.deepcopy.go:209.77,211.30 2 0
crd.piccolo.org/piccolo/api/v1alpha1/zz_generated.deepcopy.go:211.30,214.22 3 0
crd.piccolo.org/piccolo/api/v1alpha1/zz_generated.deepcopy.go:214.22,216.4 1 0
crd.piccolo.org/piccolo/api/v1alpha1/zz_generated.deepcopy.go:218.2,218.26 1 0
crd.piccolo.org/piccolo/api/v1alpha1/zz_generated.deepcopy.go:218.26,221.22 3 0
crd.piccolo.org/piccolo/api/v1alpha1/zz_generated.deepcopy.go:221.22,223.4 1 0
crd.piccolo.org/piccolo/api/v1alpha1/zz_generated.deepcopy.go:228.70,229.15 1 0
crd.piccolo.org/piccolo/api/v1alpha1/zz_generated.deepcopy.go:229.15,231.3 1 0
crd.piccolo.org/piccolo/api/v1alpha1/zz_generated.deepcopy.go:232.2,234.12 3 0
crd.piccolo.org/piccolo/api/v1alpha1/zz_generated.deepcopy.go:238.81,240.2 1 0
crd.piccolo.org/piccolo/api/v1alpha1/zz_generated.deepcopy.go:243.74,244.15 1 0
crd.piccolo.org/piccolo/api/v1alpha1/zz_generated.deepcopy.go:244.15,246.3 1 0
crd.piccolo.org/piccolo/api/v1alpha1/zz_generated.deepcopy.go:247.2,249.12 3 0
crd.piccolo.org/piccolo/api/v1alpha1/zz_generated.deepcopy.go:253.45,259.2 5 0
crd.piccolo.org/piccolo/api/v1alpha1/zz_generated.deepcopy.go:262.38,263.15 1 0
crd.piccolo.org/piccolo/api/v1alpha1/zz_generated.deepcopy.go:263.15,265.3 1 0
crd.piccolo.org/piccolo/api/v1alpha1/zz_generated.deepcopy.go:266.2,268.12 3 0
crd.piccolo.org/piccolo/api/v1alpha1/zz_generated.deepcopy.go:272.51,273.34 1 0
crd.piccolo.org/piccolo/api/v1alpha1/zz_generated.deepcopy.go:273.34,275.3 1 0
crd.piccolo.org/piccolo/api/v1alpha1/zz_generated.deepcopy.go:276.2,276.12 1 0
crd.piccolo.org/piccolo/api/v1alpha1/zz_generated.deepcopy.go:280.53,284.21 4 0
crd.piccolo.org/piccolo/api/v1alpha1/zz_generated.deepcopy.go:284.21,287.22 3 0
crd.piccolo.org/piccolo/api/v1alpha1/zz_generated.deepcopy.go:287.22,289.4 1 0
crd.piccolo.org/piccolo/api/v1alpha1/zz_generated.deepcopy.go:294.46,295.15 1 0
crd.piccolo.org/piccolo/api/v1alpha1/zz_generated.deepcopy.go:295.15,297.3 1 0
crd.piccolo.org/piccolo/api/v1alpha1/zz_generated.deepcopy.go:298.2,300.12 3 0
crd.piccolo.org/piccolo/api/v1alpha1/zz_generated.deepcopy.go:304.55,305.34 1 0
crd.piccolo.org/piccolo/api/v1alpha1/zz_generated.deepcopy.go:305.34,307.3 1 0
crd.piccolo.org/piccolo/api/v1alpha1/zz_generated.deepcopy.go:308.2,308.12 1 0
crd.piccolo.org/piccolo/api/v1alpha1/zz_generated.deepcopy.go:312.53,314.26 2 0
crd.piccolo.org/piccolo/api/v1alpha1/zz_generated.deepcopy.go:314.26,318.3 3 0
crd.piccolo.org/piccolo/api/v1alpha1/zz_generated.deepcopy.go:319.2,319.38 1 0
crd.piccolo.org/piccolo/api/v1alpha1/zz_generated.deepcopy.go:319.38,323.3 3 0
crd.piccolo.org/piccolo/api/v1alpha1/zz_generated.deepcopy.go:324.2,324.39 1 0
crd.piccolo.org/piccolo/api/v1alpha1/zz_generated.deepcopy.go:328.46,329.15 1 0
crd.piccolo.org/piccolo/api/v1alpha1/zz_generated.deepcopy.go:329.15,331.3 1 0
crd.piccolo.org/piccolo/api/v1alpha1/zz_generated.deepcopy.go:332.2,334.12 3 0
crd.piccolo.org/piccolo/api/v1alpha1/zz_generated.deepcopy.go:338.57,340.2 1 0
crd.piccolo.org/piccolo/api/v1alpha1/zz_generated.deepcopy.go:343.50,344.15 1 0
crd.piccolo.org/piccolo/api/v1alpha1/zz_generated.deepcopy.go:344.15,346.3 1 0
crd.piccolo.org/piccolo/api/v1alpha1/zz_generated.deepcopy.go:347.2,349.12 3 0
crd.piccolo.org/piccolo/internal/controller/vehpod_controller.go:60.98,65.64 4 0
crd.piccolo.org/piccolo/internal/controller/vehpod_controller.go:65.64,70.3 1 0
crd.piccolo.org/piccolo/internal/controller/vehpod_controller.go:71.2,82.42 5 0
crd.piccolo.org/piccolo/internal/controller/vehpod_controller.go:82.42,93.57 3 0
crd.piccolo.org/piccolo/internal/controller/vehpod_controller.go:93.57,98.58 4 0
crd.piccolo.org/piccolo/internal/controller/vehpod_controller.go:98.58,100.5 1 0
crd.piccolo.org/piccolo/internal/controller/vehpod_controller.go:101.4,119.5 3 0
crd.piccolo.org/piccolo/internal/controller/vehpod_controller.go:122.3,122.67 1 0
crd.piccolo.org/piccolo/internal/controller/vehpod_controller.go:122.67,127.60 4 0
crd.piccolo.org/piccolo/internal/controller/vehpod_controller.go:127.60,129.5 1 0
crd.piccolo.org/piccolo/internal/controller/vehpod_controller.go:131.4,131.70 1 0
crd.piccolo.org/piccolo/internal/controller/vehpod_controller.go:131.70,134.5 2 0
crd.piccolo.org/piccolo/internal/controller/vehpod_controller.go:136.4,136.101 1 0
crd.piccolo.org/piccolo/internal/controller/vehpod_controller.go:139.3,140.17 2 0
crd.piccolo.org/piccolo/internal/controller/vehpod_controller.go:140.17,142.4 1 0
crd.piccolo.org/piccolo/internal/controller/vehpod_controller.go:144.3,145.65 1 0
crd.piccolo.org/piccolo/internal/controller/vehpod_controller.go:145.65,147.49 2 0
crd.piccolo.org/piccolo/internal/controller/vehpod_controller.go:147.49,149.5 1 0
crd.piccolo.org/piccolo/internal/controller/vehpod_controller.go:150.4,150.77 1 0
crd.piccolo.org/piccolo/internal/controller/vehpod_controller.go:152.3,152.41 1 0
crd.piccolo.org/piccolo/internal/controller/vehpod_controller.go:153.8,153.23 1 0
crd.piccolo.org/piccolo/internal/controller/vehpod_controller.go:153.23,155.64 1 0
crd.piccolo.org/piccolo/internal/controller/vehpod_controller.go:155.64,156.47 1 0
crd.piccolo.org/piccolo/internal/controller/vehpod_controller.go:156.47,159.50 3 0
crd.piccolo.org/piccolo/internal/controller/vehpod_controller.go:159.50,161.6 1 0
crd.piccolo.org/piccolo/internal/controller/vehpod_controller.go:165.2,165.27 1 0
crd.piccolo.org/piccolo/internal/controller/vehpod_controller.go:169.69,173.2 1 0
